[]
[]
['1b']
[]
['1b']
['2b']
[]
['1b']
['2b']
['1b', '2b']
['1b', '3b']
['1b', '4b']
[]
['1b']
['2b']
['3b']
['1b', '2b']
['1b', '3b']
['1b', '4b']
['1b', '5b']
['2b', '3b']
[]
['1b']
['2b']
['3b']
['1b', '2b']
['1b', '3b']
['1b', '4b']
['1b', '5b']
['1b', '6b']
['2b', '3b']
['2b', '4b']
['2b', '5b']
['1b', '2b', '3b']
['1b', '2b', '4b']
['1b', '2b', '5b']
['1b', '2b', '6b']
['1b', '3b', '4b']
['1b', '3b', '5b']
['1b', '3b', '6b']
['1b', '4b', '5b']
['1b', '4b', '6b']
['1b', '5b', '6b']
[]
['1b']
['2b']
['3b']
['4b']
['1b', '2b']
['1b', '3b']
['1b', '4b']
['1b', '5b']
['1b', '6b']
['1b', '7b']
['2b', '3b']
['2b', '4b']
['2b', '5b']
['2b', '6b']
['2b', '7b']
['1b', '2b', '3b']
['1b', '2b', '4b']
['1b', '2b', '5b']
['1b', '2b', '6b']
['1b', '2b', '7b']
['1b', '3b', '4b']
['1b', '3b', '5b']
['1b', '3b', '6b']
['1b', '3b', '7b']
['1b', '4b', '5b']
['1b', '4b', '6b']
['1b', '4b', '7b']
['1b', '5b', '6b']
['1b', '5b', '7b']
['1b', '6b', '7b']
['2b', '3b', '4b']
['2b', '3b', '5b']
['2b', '3b', '6b']
[]
['1b']
['2b']
['3b']
['4b']
['1b', '2b']
['1b', '3b']
['1b', '4b']
['1b', '5b']
['1b', '6b']
['1b', '7b']
['1b', '8b']
['2b', '3b']
['2b', '4b']
['2b', '5b']
['2b', '6b']
['2b', '7b']
['2b', '8b']
['3b', '4b']
['1b', '2b', '3b']
['1b', '2b', '4b']
['1b', '2b', '5b']
['1b', '2b', '6b']
['1b', '2b', '7b']
['1b', '2b', '8b']
['1b', '3b', '4b']
['1b', '3b', '5b']
['1b', '3b', '6b']
['1b', '3b', '7b']
['1b', '3b', '8b']
['1b', '4b', '5b']
['1b', '4b', '6b']
['1b', '4b', '7b']
['1b', '4b', '8b']
['1b', '5b', '6b']
['1b', '5b', '7b']
['1b', '5b', '8b']
['1b', '6b', '7b']
['1b', '6b', '8b']
['1b', '7b', '8b']
['2b', '3b', '4b']
['2b', '3b', '5b']
['2b', '3b', '6b']
['2b', '3b', '7b']
['2b', '3b', '8b']
['2b', '4b', '5b']
['2b', '4b', '6b']
['1b', '2b', '3b', '4b']
['1b', '2b', '3b', '5b']
['1b', '2b', '3b', '6b']
['1b', '2b', '3b', '7b']
['1b', '2b', '3b', '8b']
['1b', '2b', '4b', '5b']
['1b', '2b', '4b', '6b']
['1b', '2b', '4b', '7b']
['1b', '2b', '4b', '8b']
['1b', '2b', '5b', '6b']
['1b', '2b', '5b', '7b']
['1b', '2b', '5b', '8b']
['1b', '2b', '6b', '7b']
['1b', '2b', '6b', '8b']
['1b', '2b', '7b', '8b']
['1b', '3b', '4b', '5b']
['1b', '3b', '4b', '6b']
['1b', '3b', '4b', '7b']
['1b', '3b', '4b', '8b']
['1b', '3b', '5b', '6b']
['1b', '3b', '5b', '7b']
['1b', '3b', '5b', '8b']
['1b', '3b', '6b', '7b']
['1b', '3b', '6b', '8b']
['1b', '3b', '7b', '8b']
['1b', '4b', '5b', '6b']
['1b', '4b', '5b', '7b']
['1b', '4b', '5b', '8b']
['1b', '4b', '6b', '7b']
['1b', '4b', '6b', '8b']
['1b', '4b', '7b', '8b']
['1b', '5b', '6b', '7b']
['1b', '5b', '6b', '8b']
['1b', '5b', '7b', '8b']
['1b', '6b', '7b', '8b']
[]
['1b']
['2b']
['3b']
['4b']
['5b']
['1b', '2b']
['1b', '3b']
['1b', '4b']
['1b', '5b']
['1b', '6b']
['1b', '7b']
['1b', '8b']
['1b', '9b']
['2b', '3b']
['2b', '4b']
['2b', '5b']
['2b', '6b']
['2b', '7b']
['2b', '8b']
['2b', '9b']
['3b', '4b']
['3b', '5b']
['3b', '6b']
['1b', '2b', '3b']
['1b', '2b', '4b']
['1b', '2b', '5b']
['1b', '2b', '6b']
['1b', '2b', '7b']
['1b', '2b', '8b']
['1b', '2b', '9b']
['1b', '3b', '4b']
['1b', '3b', '5b']
['1b', '3b', '6b']
['1b', '3b', '7b']
['1b', '3b', '8b']
['1b', '3b', '9b']
['1b', '4b', '5b']
['1b', '4b', '6b']
['1b', '4b', '7b']
['1b', '4b', '8b']
['1b', '4b', '9b']
['1b', '5b', '6b']
['1b', '5b', '7b']
['1b', '5b', '8b']
['1b', '5b', '9b']
['1b', '6b', '7b']
['1b', '6b', '8b']
['1b', '6b', '9b']
['1b', '7b', '8b']
['1b', '7b', '9b']
['1b', '8b', '9b']
['2b', '3b', '4b']
['2b', '3b', '5b']
['2b', '3b', '6b']
['2b', '3b', '7b']
['2b', '3b', '8b']
['2b', '3b', '9b']
['2b', '4b', '5b']
['2b', '4b', '6b']
['2b', '4b', '7b']
['2b', '4b', '8b']
['2b', '4b', '9b']
['2b', '5b', '6b']
['2b', '5b', '7b']
['2b', '5b', '8b']
['1b', '2b', '3b', '4b']
['1b', '2b', '3b', '5b']
['1b', '2b', '3b', '6b']
['1b', '2b', '3b', '7b']
['1b', '2b', '3b', '8b']
['1b', '2b', '3b', '9b']
['1b', '2b', '4b', '5b']
['1b', '2b', '4b', '6b']
['1b', '2b', '4b', '7b']
['1b', '2b', '4b', '8b']
['1b', '2b', '4b', '9b']
['1b', '2b', '5b', '6b']
['1b', '2b', '5b', '7b']
['1b', '2b', '5b', '8b']
['1b', '2b', '5b', '9b']
['1b', '2b', '6b', '7b']
['1b', '2b', '6b', '8b']
['1b', '2b', '6b', '9b']
['1b', '2b', '7b', '8b']
['1b', '2b', '7b', '9b']
['1b', '2b', '8b', '9b']
['1b', '3b', '4b', '5b']
['1b', '3b', '4b', '6b']
['1b', '3b', '4b', '7b']
['1b', '3b', '4b', '8b']
['1b', '3b', '4b', '9b']
['1b', '3b', '5b', '6b']
['1b', '3b', '5b', '7b']
['1b', '3b', '5b', '8b']
['1b', '3b', '5b', '9b']
['1b', '3b', '6b', '7b']
['1b', '3b', '6b', '8b']
['1b', '3b', '6b', '9b']
['1b', '3b', '7b', '8b']
['1b', '3b', '7b', '9b']
['1b', '3b', '8b', '9b']
['1b', '4b', '5b', '6b']
['1b', '4b', '5b', '7b']
['1b', '4b', '5b', '8b']
['1b', '4b', '5b', '9b']
['1b', '4b', '6b', '7b']
['1b', '4b', '6b', '8b']
['1b', '4b', '6b', '9b']
['1b', '4b', '7b', '8b']
['1b', '4b', '7b', '9b']
['1b', '4b', '8b', '9b']
['1b', '5b', '6b', '7b']
['1b', '5b', '6b', '8b']
['1b', '5b', '6b', '9b']
['1b', '5b', '7b', '8b']
['1b', '5b', '7b', '9b']
['1b', '5b', '8b', '9b']
['1b', '6b', '7b', '8b']
['1b', '6b', '7b', '9b']
['1b', '6b', '8b', '9b']
['1b', '7b', '8b', '9b']
['2b', '3b', '4b', '5b']
['2b', '3b', '4b', '6b']
['2b', '3b', '4b', '7b']
['2b', '3b', '4b', '8b']
['2b', '3b', '4b', '9b']
['2b', '3b', '5b', '6b']
['2b', '3b', '5b', '7b']
['2b', '4b']
['3b', '4b']
['2b', '3b', '4b']
['2b', '3b', '5b']
['3b', '4b']
['3b', '5b']
['2b', '4b', '5b']
['2b', '4b', '6b']
['3b', '4b', '5b']
['3b', '5b']
['3b', '6b']
['4b', '5b']
['2b', '4b', '7b']
['2b', '5b', '6b']
['3b', '4b', '5b']
['3b', '4b', '6b']
['2b', '3b', '4b', '5b']
['2b', '3b', '4b', '6b']
['2b', '3b', '4b', '7b']
['2b', '3b', '5b', '6b']
['2b', '3b', '5b', '7b']
['2b', '4b', '5b', '6b']
['3b', '7b']
['4b', '5b']
['4b', '6b']
['2b', '6b', '7b']
['3b', '4b', '5b']
['3b', '4b', '6b']
['3b', '4b', '7b']
['3b', '5b', '6b']
['3b', '5b', '7b']
['4b', '5b', '6b']
['2b', '3b', '5b', '8b']
['2b', '3b', '6b', '7b']
['2b', '3b', '6b', '8b']
['2b', '3b', '7b', '8b']
['2b', '4b', '5b', '6b']
['2b', '4b', '5b', '7b']
['2b', '4b', '5b', '8b']
['2b', '4b', '6b', '7b']
['2b', '4b', '6b', '8b']
['2b', '5b', '6b', '7b']
['3b', '4b', '5b', '6b']
['3b', '4b', '5b', '7b']
['3b', '4b', '6b', '7b']
